Start testing: Apr 08 01:03 CST
----------------------------------------------------------
1/233 Testing: testClass
1/233 Test: testClass
Command: "/home/chappie/git/gtsam/build/wrap/tests/testClass"
Directory: /home/chappie/git/gtsam/build/wrap/tests
"testClass" start time: Apr 08 01:03 CST
Output:
----------------------------------------------------------
There were no test failures
<end of output>
Test time =   0.07 sec
----------------------------------------------------------
Test Passed.
"testClass" end time: Apr 08 01:03 CST
"testClass" time elapsed: 00:00:00
----------------------------------------------------------

2/233 Testing: testReturnValue
2/233 Test: testReturnValue
Command: "/home/chappie/git/gtsam/build/wrap/tests/testReturnValue"
Directory: /home/chappie/git/gtsam/build/wrap/tests
"testReturnValue" start time: Apr 08 01:03 CST
Output:
----------------------------------------------------------
There were no test failures
<end of output>
Test time =   0.02 sec
----------------------------------------------------------
Test Passed.
"testReturnValue" end time: Apr 08 01:03 CST
"testReturnValue" time elapsed: 00:00:00
----------------------------------------------------------

3/233 Testing: testMethod
3/233 Test: testMethod
Command: "/home/chappie/git/gtsam/build/wrap/tests/testMethod"
Directory: /home/chappie/git/gtsam/build/wrap/tests
"testMethod" start time: Apr 08 01:03 CST
Output:
----------------------------------------------------------
There were no test failures
<end of output>
Test time =   0.02 sec
----------------------------------------------------------
Test Passed.
"testMethod" end time: Apr 08 01:03 CST
"testMethod" time elapsed: 00:00:00
----------------------------------------------------------

4/233 Testing: testWrap
4/233 Test: testWrap
Command: "/home/chappie/git/gtsam/build/wrap/tests/testWrap"
Directory: /home/chappie/git/gtsam/build/wrap/tests
"testWrap" start time: Apr 08 01:03 CST
Output:
----------------------------------------------------------
There were no test failures
<end of output>
Test time =   0.45 sec
----------------------------------------------------------
Test Passed.
"testWrap" end time: Apr 08 01:03 CST
"testWrap" time elapsed: 00:00:00
----------------------------------------------------------

5/233 Testing: testType
5/233 Test: testType
Command: "/home/chappie/git/gtsam/build/wrap/tests/testType"
Directory: /home/chappie/git/gtsam/build/wrap/tests
"testType" start time: Apr 08 01:03 CST
Output:
----------------------------------------------------------
There were no test failures
<end of output>
Test time =   0.04 sec
----------------------------------------------------------
Test Passed.
"testType" end time: Apr 08 01:03 CST
"testType" time elapsed: 00:00:00
----------------------------------------------------------

6/233 Testing: testTemplate
6/233 Test: testTemplate
Command: "/home/chappie/git/gtsam/build/wrap/tests/testTemplate"
Directory: /home/chappie/git/gtsam/build/wrap/tests
"testTemplate" start time: Apr 08 01:03 CST
Output:
----------------------------------------------------------
There were no test failures
<end of output>
Test time =   0.01 sec
----------------------------------------------------------
Test Passed.
"testTemplate" end time: Apr 08 01:03 CST
"testTemplate" time elapsed: 00:00:00
----------------------------------------------------------

7/233 Testing: testGlobalFunction
7/233 Test: testGlobalFunction
Command: "/home/chappie/git/gtsam/build/wrap/tests/testGlobalFunction"
Directory: /home/chappie/git/gtsam/build/wrap/tests
"testGlobalFunction" start time: Apr 08 01:03 CST
Output:
----------------------------------------------------------
There were no test failures
<end of output>
Test time =   0.03 sec
----------------------------------------------------------
Test Passed.
"testGlobalFunction" end time: Apr 08 01:03 CST
"testGlobalFunction" time elapsed: 00:00:00
----------------------------------------------------------

8/233 Testing: testSpirit
8/233 Test: testSpirit
Command: "/home/chappie/git/gtsam/build/wrap/tests/testSpirit"
Directory: /home/chappie/git/gtsam/build/wrap/tests
"testSpirit" start time: Apr 08 01:03 CST
Output:
----------------------------------------------------------
There were no test failures
<end of output>
Test time =   0.02 sec
----------------------------------------------------------
Test Passed.
"testSpirit" end time: Apr 08 01:03 CST
"testSpirit" time elapsed: 00:00:00
----------------------------------------------------------

9/233 Testing: testArgument
9/233 Test: testArgument
Command: "/home/chappie/git/gtsam/build/wrap/tests/testArgument"
Directory: /home/chappie/git/gtsam/build/wrap/tests
"testArgument" start time: Apr 08 01:03 CST
Output:
----------------------------------------------------------
There were no test failures
<end of output>
Test time =   0.03 sec
----------------------------------------------------------
Test Passed.
"testArgument" end time: Apr 08 01:03 CST
"testArgument" time elapsed: 00:00:00
----------------------------------------------------------

10/233 Testing: testNumericalDerivative
10/233 Test: testNumericalDerivative
Command: "/home/chappie/git/gtsam/build/gtsam/base/tests/testNumericalDerivative"
Directory: /home/chappie/git/gtsam/build/gtsam/base/tests
"testNumericalDerivative" start time: Apr 08 01:03 CST
Output:
----------------------------------------------------------
There were no test failures
<end of output>
Test time =   0.44 sec
----------------------------------------------------------
Test Passed.
"testNumericalDerivative" end time: Apr 08 01:03 CST
"testNumericalDerivative" time elapsed: 00:00:00
----------------------------------------------------------

11/233 Testing: testVerticalBlockMatrix
11/233 Test: testVerticalBlockMatrix
Command: "/home/chappie/git/gtsam/build/gtsam/base/tests/testVerticalBlockMatrix"
Directory: /home/chappie/git/gtsam/build/gtsam/base/tests
"testVerticalBlockMatrix" start time: Apr 08 01:03 CST
Output:
----------------------------------------------------------
There were no test failures
<end of output>
Test time =   0.08 sec
----------------------------------------------------------
Test Passed.
"testVerticalBlockMatrix" end time: Apr 08 01:03 CST
"testVerticalBlockMatrix" time elapsed: 00:00:00
----------------------------------------------------------

12/233 Testing: testLieScalar
12/233 Test: testLieScalar
Command: "/home/chappie/git/gtsam/build/gtsam/base/tests/testLieScalar"
Directory: /home/chappie/git/gtsam/build/gtsam/base/tests
"testLieScalar" start time: Apr 08 01:03 CST
Output:
----------------------------------------------------------
There were no test failures
<end of output>
Test time =   0.01 sec
----------------------------------------------------------
Test Passed.
"testLieScalar" end time: Apr 08 01:03 CST
"testLieScalar" time elapsed: 00:00:00
----------------------------------------------------------

13/233 Testing: testFastContainers
13/233 Test: testFastContainers
Command: "/home/chappie/git/gtsam/build/gtsam/base/tests/testFastContainers"
Directory: /home/chappie/git/gtsam/build/gtsam/base/tests
"testFastContainers" start time: Apr 08 01:03 CST
Output:
----------------------------------------------------------
There were no test failures
<end of output>
Test time =   0.06 sec
----------------------------------------------------------
Test Passed.
"testFastContainers" end time: Apr 08 01:03 CST
"testFastContainers" time elapsed: 00:00:00
----------------------------------------------------------

14/233 Testing: testTreeTraversal
14/233 Test: testTreeTraversal
Command: "/home/chappie/git/gtsam/build/gtsam/base/tests/testTreeTraversal"
Directory: /home/chappie/git/gtsam/build/gtsam/base/tests
"testTreeTraversal" start time: Apr 08 01:03 CST
Output:
----------------------------------------------------------
There were no test failures
<end of output>
Test time =   0.05 sec
----------------------------------------------------------
Test Passed.
"testTreeTraversal" end time: Apr 08 01:03 CST
"testTreeTraversal" time elapsed: 00:00:00
----------------------------------------------------------

15/233 Testing: testOptionalJacobian
15/233 Test: testOptionalJacobian
Command: "/home/chappie/git/gtsam/build/gtsam/base/tests/testOptionalJacobian"
Directory: /home/chappie/git/gtsam/build/gtsam/base/tests
"testOptionalJacobian" start time: Apr 08 01:03 CST
Output:
----------------------------------------------------------
There were no test failures
<end of output>
Test time =   0.02 sec
----------------------------------------------------------
Test Passed.
"testOptionalJacobian" end time: Apr 08 01:03 CST
"testOptionalJacobian" time elapsed: 00:00:00
----------------------------------------------------------

16/233 Testing: testDSFVector
16/233 Test: testDSFVector
Command: "/home/chappie/git/gtsam/build/gtsam/base/tests/testDSFVector"
Directory: /home/chappie/git/gtsam/build/gtsam/base/tests
"testDSFVector" start time: Apr 08 01:03 CST
Output:
----------------------------------------------------------
There were no test failures
<end of output>
Test time =   0.02 sec
----------------------------------------------------------
Test Passed.
"testDSFVector" end time: Apr 08 01:03 CST
"testDSFVector" time elapsed: 00:00:00
----------------------------------------------------------

17/233 Testing: testGroup
17/233 Test: testGroup
Command: "/home/chappie/git/gtsam/build/gtsam/base/tests/testGroup"
Directory: /home/chappie/git/gtsam/build/gtsam/base/tests
"testGroup" start time: Apr 08 01:03 CST
Output:
----------------------------------------------------------
There were no test failures
<end of output>
Test time =   0.00 sec
----------------------------------------------------------
Test Passed.
"testGroup" end time: Apr 08 01:03 CST
"testGroup" time elapsed: 00:00:00
----------------------------------------------------------

18/233 Testing: testVector
18/233 Test: testVector
Command: "/home/chappie/git/gtsam/build/gtsam/base/tests/testVector"
Directory: /home/chappie/git/gtsam/build/gtsam/base/tests
"testVector" start time: Apr 08 01:03 CST
Output:
----------------------------------------------------------
There were no test failures
<end of output>
Test time =   0.01 sec
----------------------------------------------------------
Test Passed.
"testVector" end time: Apr 08 01:03 CST
"testVector" time elapsed: 00:00:00
----------------------------------------------------------

19/233 Testing: testLieMatrix
19/233 Test: testLieMatrix
Command: "/home/chappie/git/gtsam/build/gtsam/base/tests/testLieMatrix"
Directory: /home/chappie/git/gtsam/build/gtsam/base/tests
"testLieMatrix" start time: Apr 08 01:03 CST
Output:
----------------------------------------------------------
There were no test failures
<end of output>
Test time =   0.01 sec
----------------------------------------------------------
Test Passed.
"testLieMatrix" end time: Apr 08 01:03 CST
"testLieMatrix" time elapsed: 00:00:00
----------------------------------------------------------

20/233 Testing: testSerializationBase
20/233 Test: testSerializationBase
Command: "/home/chappie/git/gtsam/build/gtsam/base/tests/testSerializationBase"
Directory: /home/chappie/git/gtsam/build/gtsam/base/tests
"testSerializationBase" start time: Apr 08 01:03 CST
Output:
----------------------------------------------------------
There were no test failures
<end of output>
Test time =   0.04 sec
----------------------------------------------------------
Test Passed.
"testSerializationBase" end time: Apr 08 01:03 CST
"testSerializationBase" time elapsed: 00:00:00
----------------------------------------------------------

21/233 Testing: testSymmetricBlockMatrix
21/233 Test: testSymmetricBlockMatrix
Command: "/home/chappie/git/gtsam/build/gtsam/base/tests/testSymmetricBlockMatrix"
Directory: /home/chappie/git/gtsam/build/gtsam/base/tests
"testSymmetricBlockMatrix" start time: Apr 08 01:03 CST
Output:
----------------------------------------------------------
There were no test failures
<end of output>
Test time =   0.08 sec
----------------------------------------------------------
Test Passed.
"testSymmetricBlockMatrix" end time: Apr 08 01:03 CST
"testSymmetricBlockMatrix" time elapsed: 00:00:00
----------------------------------------------------------

22/233 Testing: testLieVector
22/233 Test: testLieVector
Command: "/home/chappie/git/gtsam/build/gtsam/base/tests/testLieVector"
Directory: /home/chappie/git/gtsam/build/gtsam/base/tests
"testLieVector" start time: Apr 08 01:03 CST
Output:
----------------------------------------------------------
There were no test failures
<end of output>
Test time =   0.02 sec
----------------------------------------------------------
Test Passed.
"testLieVector" end time: Apr 08 01:03 CST
"testLieVector" time elapsed: 00:00:00
----------------------------------------------------------

23/233 Testing: testTestableAssertions
23/233 Test: testTestableAssertions
Command: "/home/chappie/git/gtsam/build/gtsam/base/tests/testTestableAssertions"
Directory: /home/chappie/git/gtsam/build/gtsam/base/tests
"testTestableAssertions" start time: Apr 08 01:03 CST
Output:
----------------------------------------------------------
There were no test failures
<end of output>
Test time =   0.03 sec
----------------------------------------------------------
Test Passed.
"testTestableAssertions" end time: Apr 08 01:03 CST
"testTestableAssertions" time elapsed: 00:00:00
----------------------------------------------------------

24/233 Testing: testCholesky
24/233 Test: testCholesky
Command: "/home/chappie/git/gtsam/build/gtsam/base/tests/testCholesky"
Directory: /home/chappie/git/gtsam/build/gtsam/base/tests
"testCholesky" start time: Apr 08 01:03 CST
Output:
----------------------------------------------------------
There were no test failures
<end of output>
Test time =   0.01 sec
----------------------------------------------------------
Test Passed.
"testCholesky" end time: Apr 08 01:03 CST
"testCholesky" time elapsed: 00:00:00
----------------------------------------------------------

25/233 Testing: testDebug
25/233 Test: testDebug
Command: "/home/chappie/git/gtsam/build/gtsam/base/tests/testDebug"
Directory: /home/chappie/git/gtsam/build/gtsam/base/tests
"testDebug" start time: Apr 08 01:03 CST
Output:
----------------------------------------------------------
There were no test failures
<end of output>
Test time =   0.03 sec
----------------------------------------------------------
Test Passed.
"testDebug" end time: Apr 08 01:03 CST
"testDebug" time elapsed: 00:00:00
----------------------------------------------------------

26/233 Testing: testMatrix
26/233 Test: testMatrix
Command: "/home/chappie/git/gtsam/build/gtsam/base/tests/testMatrix"
Directory: /home/chappie/git/gtsam/build/gtsam/base/tests
"testMatrix" start time: Apr 08 01:03 CST
Output:
----------------------------------------------------------
There were no test failures
<end of output>
Test time =   0.03 sec
----------------------------------------------------------
Test Passed.
"testMatrix" end time: Apr 08 01:03 CST
"testMatrix" time elapsed: 00:00:00
----------------------------------------------------------

27/233 Testing: testRot2
27/233 Test: testRot2
Command: "/home/chappie/git/gtsam/build/gtsam/geometry/tests/testRot2"
Directory: /home/chappie/git/gtsam/build/gtsam/geometry/tests
"testRot2" start time: Apr 08 01:03 CST
Output:
----------------------------------------------------------
There were no test failures
<end of output>
Test time =   0.02 sec
----------------------------------------------------------
Test Passed.
"testRot2" end time: Apr 08 01:03 CST
"testRot2" time elapsed: 00:00:00
----------------------------------------------------------

28/233 Testing: testEssentialMatrix
28/233 Test: testEssentialMatrix
Command: "/home/chappie/git/gtsam/build/gtsam/geometry/tests/testEssentialMatrix"
Directory: /home/chappie/git/gtsam/build/gtsam/geometry/tests
"testEssentialMatrix" start time: Apr 08 01:03 CST
Output:
----------------------------------------------------------
There were no test failures
<end of output>
Test time =   0.03 sec
----------------------------------------------------------
Test Passed.
"testEssentialMatrix" end time: Apr 08 01:03 CST
"testEssentialMatrix" time elapsed: 00:00:00
----------------------------------------------------------

29/233 Testing: testRot3Q
29/233 Test: testRot3Q
Command: "/home/chappie/git/gtsam/build/gtsam/geometry/tests/testRot3Q"
Directory: /home/chappie/git/gtsam/build/gtsam/geometry/tests
"testRot3Q" start time: Apr 08 01:03 CST
Output:
----------------------------------------------------------
There were no test failures
<end of output>
Test time =   0.04 sec
----------------------------------------------------------
Test Passed.
"testRot3Q" end time: Apr 08 01:03 CST
"testRot3Q" time elapsed: 00:00:00
----------------------------------------------------------

30/233 Testing: testOrientedPlane3
30/233 Test: testOrientedPlane3
Command: "/home/chappie/git/gtsam/build/gtsam/geometry/tests/testOrientedPlane3"
Directory: /home/chappie/git/gtsam/build/gtsam/geometry/tests
"testOrientedPlane3" start time: Apr 08 01:03 CST
Output:
----------------------------------------------------------
There were no test failures
<end of output>
Test time =   0.05 sec
----------------------------------------------------------
Test Passed.
"testOrientedPlane3" end time: Apr 08 01:03 CST
"testOrientedPlane3" time elapsed: 00:00:00
----------------------------------------------------------

31/233 Testing: testCal3Bundler
31/233 Test: testCal3Bundler
Command: "/home/chappie/git/gtsam/build/gtsam/geometry/tests/testCal3Bundler"
Directory: /home/chappie/git/gtsam/build/gtsam/geometry/tests
"testCal3Bundler" start time: Apr 08 01:03 CST
Output:
----------------------------------------------------------
There were no test failures
<end of output>
Test time =   0.04 sec
----------------------------------------------------------
Test Passed.
"testCal3Bundler" end time: Apr 08 01:03 CST
"testCal3Bundler" time elapsed: 00:00:00
----------------------------------------------------------

32/233 Testing: testSimpleCamera
32/233 Test: testSimpleCamera
Command: "/home/chappie/git/gtsam/build/gtsam/geometry/tests/testSimpleCamera"
Directory: /home/chappie/git/gtsam/build/gtsam/geometry/tests
"testSimpleCamera" start time: Apr 08 01:03 CST
Output:
----------------------------------------------------------
There were no test failures
<end of output>
Test time =   0.01 sec
----------------------------------------------------------
Test Passed.
"testSimpleCamera" end time: Apr 08 01:03 CST
"testSimpleCamera" time elapsed: 00:00:00
----------------------------------------------------------

33/233 Testing: testCalibratedCamera
33/233 Test: testCalibratedCamera
Command: "/home/chappie/git/gtsam/build/gtsam/geometry/tests/testCalibratedCamera"
Directory: /home/chappie/git/gtsam/build/gtsam/geometry/tests
"testCalibratedCamera" start time: Apr 08 01:03 CST
Output:
----------------------------------------------------------
There were no test failures
<end of output>
Test time =   0.02 sec
----------------------------------------------------------
Test Passed.
"testCalibratedCamera" end time: Apr 08 01:03 CST
"testCalibratedCamera" time elapsed: 00:00:00
----------------------------------------------------------

34/233 Testing: testSO3
34/233 Test: testSO3
Command: "/home/chappie/git/gtsam/build/gtsam/geometry/tests/testSO3"
Directory: /home/chappie/git/gtsam/build/gtsam/geometry/tests
"testSO3" start time: Apr 08 01:03 CST
Output:
----------------------------------------------------------
There were no test failures
<end of output>
Test time =   0.03 sec
----------------------------------------------------------
Test Passed.
"testSO3" end time: Apr 08 01:03 CST
"testSO3" time elapsed: 00:00:00
----------------------------------------------------------

35/233 Testing: testStereoCamera
35/233 Test: testStereoCamera
Command: "/home/chappie/git/gtsam/build/gtsam/geometry/tests/testStereoCamera"
Directory: /home/chappie/git/gtsam/build/gtsam/geometry/tests
"testStereoCamera" start time: Apr 08 01:03 CST
Output:
----------------------------------------------------------
There were no test failures
<end of output>
Test time =   0.01 sec
----------------------------------------------------------
Test Passed.
"testStereoCamera" end time: Apr 08 01:03 CST
"testStereoCamera" time elapsed: 00:00:00
----------------------------------------------------------

36/233 Testing: testPinholeCamera
36/233 Test: testPinholeCamera
Command: "/home/chappie/git/gtsam/build/gtsam/geometry/tests/testPinholeCamera"
Directory: /home/chappie/git/gtsam/build/gtsam/geometry/tests
"testPinholeCamera" start time: Apr 08 01:03 CST
Output:
----------------------------------------------------------
There were no test failures
<end of output>
Test time =   0.02 sec
----------------------------------------------------------
Test Passed.
"testPinholeCamera" end time: Apr 08 01:03 CST
"testPinholeCamera" time elapsed: 00:00:00
----------------------------------------------------------

37/233 Testing: testPose2
37/233 Test: testPose2
Command: "/home/chappie/git/gtsam/build/gtsam/geometry/tests/testPose2"
Directory: /home/chappie/git/gtsam/build/gtsam/geometry/tests
"testPose2" start time: Apr 08 01:03 CST
Output:
----------------------------------------------------------
There were no test failures
<end of output>
Test time =   0.05 sec
----------------------------------------------------------
Test Passed.
"testPose2" end time: Apr 08 01:03 CST
"testPose2" time elapsed: 00:00:00
----------------------------------------------------------

38/233 Testing: testSerializationGeometry
38/233 Test: testSerializationGeometry
Command: "/home/chappie/git/gtsam/build/gtsam/geometry/tests/testSerializationGeometry"
Directory: /home/chappie/git/gtsam/build/gtsam/geometry/tests
"testSerializationGeometry" start time: Apr 08 01:03 CST
Output:
----------------------------------------------------------
There were no test failures
<end of output>
Test time =   0.07 sec
----------------------------------------------------------
Test Passed.
"testSerializationGeometry" end time: Apr 08 01:03 CST
"testSerializationGeometry" time elapsed: 00:00:00
----------------------------------------------------------

39/233 Testing: testPinholeSet
39/233 Test: testPinholeSet
Command: "/home/chappie/git/gtsam/build/gtsam/geometry/tests/testPinholeSet"
Directory: /home/chappie/git/gtsam/build/gtsam/geometry/tests
"testPinholeSet" start time: Apr 08 01:03 CST
Output:
----------------------------------------------------------
There were no test failures
<end of output>
Test time =   0.03 sec
----------------------------------------------------------
Test Passed.
"testPinholeSet" end time: Apr 08 01:03 CST
"testPinholeSet" time elapsed: 00:00:00
----------------------------------------------------------

40/233 Testing: testPinholePose
40/233 Test: testPinholePose
Command: "/home/chappie/git/gtsam/build/gtsam/geometry/tests/testPinholePose"
Directory: /home/chappie/git/gtsam/build/gtsam/geometry/tests
"testPinholePose" start time: Apr 08 01:03 CST
Output:
----------------------------------------------------------
There were no test failures
<end of output>
Test time =   0.04 sec
----------------------------------------------------------
Test Passed.
"testPinholePose" end time: Apr 08 01:03 CST
"testPinholePose" time elapsed: 00:00:00
----------------------------------------------------------

41/233 Testing: testUnit3
41/233 Test: testUnit3
Command: "/home/chappie/git/gtsam/build/gtsam/geometry/tests/testUnit3"
Directory: /home/chappie/git/gtsam/build/gtsam/geometry/tests
"testUnit3" start time: Apr 08 01:03 CST
Output:
----------------------------------------------------------
There were no test failures
<end of output>
Test time =   0.10 sec
----------------------------------------------------------
Test Passed.
"testUnit3" end time: Apr 08 01:03 CST
"testUnit3" time elapsed: 00:00:00
----------------------------------------------------------

42/233 Testing: testCal3Unified
42/233 Test: testCal3Unified
Command: "/home/chappie/git/gtsam/build/gtsam/geometry/tests/testCal3Unified"
Directory: /home/chappie/git/gtsam/build/gtsam/geometry/tests
"testCal3Unified" start time: Apr 08 01:03 CST
Output:
----------------------------------------------------------
There were no test failures
<end of output>
Test time =   0.01 sec
----------------------------------------------------------
Test Passed.
"testCal3Unified" end time: Apr 08 01:03 CST
"testCal3Unified" time elapsed: 00:00:00
----------------------------------------------------------

43/233 Testing: testTriangulation
43/233 Test: testTriangulation
Command: "/home/chappie/git/gtsam/build/gtsam/geometry/tests/testTriangulation"
Directory: /home/chappie/git/gtsam/build/gtsam/geometry/tests
"testTriangulation" start time: Apr 08 01:03 CST
Output:
----------------------------------------------------------
There were no test failures
<end of output>
Test time =   0.05 sec
----------------------------------------------------------
Test Passed.
"testTriangulation" end time: Apr 08 01:03 CST
"testTriangulation" time elapsed: 00:00:00
----------------------------------------------------------

44/233 Testing: testCal3_S2
44/233 Test: testCal3_S2
Command: "/home/chappie/git/gtsam/build/gtsam/geometry/tests/testCal3_S2"
Directory: /home/chappie/git/gtsam/build/gtsam/geometry/tests
"testCal3_S2" start time: Apr 08 01:03 CST
Output:
----------------------------------------------------------
There were no test failures
<end of output>
Test time =   0.02 sec
----------------------------------------------------------
Test Passed.
"testCal3_S2" end time: Apr 08 01:03 CST
"testCal3_S2" time elapsed: 00:00:00
----------------------------------------------------------

45/233 Testing: testQuaternion
45/233 Test: testQuaternion
Command: "/home/chappie/git/gtsam/build/gtsam/geometry/tests/testQuaternion"
Directory: /home/chappie/git/gtsam/build/gtsam/geometry/tests
"testQuaternion" start time: Apr 08 01:03 CST
Output:
----------------------------------------------------------
There were no test failures
<end of output>
Test time =   0.01 sec
----------------------------------------------------------
Test Passed.
"testQuaternion" end time: Apr 08 01:03 CST
"testQuaternion" time elapsed: 00:00:00
----------------------------------------------------------

46/233 Testing: testStereoPoint2
46/233 Test: testStereoPoint2
Command: "/home/chappie/git/gtsam/build/gtsam/geometry/tests/testStereoPoint2"
Directory: /home/chappie/git/gtsam/build/gtsam/geometry/tests
"testStereoPoint2" start time: Apr 08 01:03 CST
Output:
----------------------------------------------------------
There were no test failures
<end of output>
Test time =   0.02 sec
----------------------------------------------------------
Test Passed.
"testStereoPoint2" end time: Apr 08 01:03 CST
"testStereoPoint2" time elapsed: 00:00:00
----------------------------------------------------------

47/233 Testing: testBearingRange
47/233 Test: testBearingRange
Command: "/home/chappie/git/gtsam/build/gtsam/geometry/tests/testBearingRange"
Directory: /home/chappie/git/gtsam/build/gtsam/geometry/tests
"testBearingRange" start time: Apr 08 01:03 CST
Output:
----------------------------------------------------------
There were no test failures
<end of output>
Test time =   0.01 sec
----------------------------------------------------------
Test Passed.
"testBearingRange" end time: Apr 08 01:03 CST
"testBearingRange" time elapsed: 00:00:00
----------------------------------------------------------

48/233 Testing: testCameraSet
48/233 Test: testCameraSet
Command: "/home/chappie/git/gtsam/build/gtsam/geometry/tests/testCameraSet"
Directory: /home/chappie/git/gtsam/build/gtsam/geometry/tests
"testCameraSet" start time: Apr 08 01:03 CST
Output:
----------------------------------------------------------
There were no test failures
<end of output>
Test time =   0.02 sec
----------------------------------------------------------
Test Passed.
"testCameraSet" end time: Apr 08 01:03 CST
"testCameraSet" time elapsed: 00:00:00
----------------------------------------------------------

49/233 Testing: testPoint2
49/233 Test: testPoint2
Command: "/home/chappie/git/gtsam/build/gtsam/geometry/tests/testPoint2"
Directory: /home/chappie/git/gtsam/build/gtsam/geometry/tests
"testPoint2" start time: Apr 08 01:03 CST
Output:
----------------------------------------------------------
There were no test failures
<end of output>
Test time =   0.02 sec
----------------------------------------------------------
Test Passed.
"testPoint2" end time: Apr 08 01:03 CST
"testPoint2" time elapsed: 00:00:00
----------------------------------------------------------

50/233 Testing: testPoint3
50/233 Test: testPoint3
Command: "/home/chappie/git/gtsam/build/gtsam/geometry/tests/testPoint3"
Directory: /home/chappie/git/gtsam/build/gtsam/geometry/tests
"testPoint3" start time: Apr 08 01:03 CST
Output:
----------------------------------------------------------
There were no test failures
<end of output>
Test time =   0.01 sec
----------------------------------------------------------
Test Passed.
"testPoint3" end time: Apr 08 01:03 CST
"testPoint3" time elapsed: 00:00:00
----------------------------------------------------------

51/233 Testing: testCal3DS2
51/233 Test: testCal3DS2
Command: "/home/chappie/git/gtsam/build/gtsam/geometry/tests/testCal3DS2"
Directory: /home/chappie/git/gtsam/build/gtsam/geometry/tests
"testCal3DS2" start time: Apr 08 01:03 CST
Output:
----------------------------------------------------------
There were no test failures
<end of output>
Test time =   0.01 sec
----------------------------------------------------------
Test Passed.
"testCal3DS2" end time: Apr 08 01:03 CST
"testCal3DS2" time elapsed: 00:00:00
----------------------------------------------------------

52/233 Testing: testCyclic
52/233 Test: testCyclic
Command: "/home/chappie/git/gtsam/build/gtsam/geometry/tests/testCyclic"
Directory: /home/chappie/git/gtsam/build/gtsam/geometry/tests
"testCyclic" start time: Apr 08 01:03 CST
Output:
----------------------------------------------------------
There were no test failures
<end of output>
Test time =   0.02 sec
----------------------------------------------------------
Test Passed.
"testCyclic" end time: Apr 08 01:03 CST
"testCyclic" time elapsed: 00:00:00
----------------------------------------------------------

53/233 Testing: testRot3
53/233 Test: testRot3
Command: "/home/chappie/git/gtsam/build/gtsam/geometry/tests/testRot3"
Directory: /home/chappie/git/gtsam/build/gtsam/geometry/tests
"testRot3" start time: Apr 08 01:03 CST
Output:
----------------------------------------------------------
There were no test failures
<end of output>
Test time =   0.02 sec
----------------------------------------------------------
Test Passed.
"testRot3" end time: Apr 08 01:03 CST
"testRot3" time elapsed: 00:00:00
----------------------------------------------------------

54/233 Testing: testRot3M
54/233 Test: testRot3M
Command: "/home/chappie/git/gtsam/build/gtsam/geometry/tests/testRot3M"
Directory: /home/chappie/git/gtsam/build/gtsam/geometry/tests
"testRot3M" start time: Apr 08 01:03 CST
Output:
----------------------------------------------------------
There were no test failures
<end of output>
Test time =   0.03 sec
----------------------------------------------------------
Test Passed.
"testRot3M" end time: Apr 08 01:03 CST
"testRot3M" time elapsed: 00:00:00
----------------------------------------------------------

55/233 Testing: testPose3
55/233 Test: testPose3
Command: "/home/chappie/git/gtsam/build/gtsam/geometry/tests/testPose3"
Directory: /home/chappie/git/gtsam/build/gtsam/geometry/tests
"testPose3" start time: Apr 08 01:03 CST
Output:
----------------------------------------------------------
There were no test failures
<end of output>
Test time =   0.06 sec
----------------------------------------------------------
Test Passed.
"testPose3" end time: Apr 08 01:03 CST
"testPose3" time elapsed: 00:00:00
----------------------------------------------------------

56/233 Testing: testKey
56/233 Test: testKey
Command: "/home/chappie/git/gtsam/build/gtsam/inference/tests/testKey"
Directory: /home/chappie/git/gtsam/build/gtsam/inference/tests
"testKey" start time: Apr 08 01:03 CST
Output:
----------------------------------------------------------
There were no test failures
<end of output>
Test time =   0.04 sec
----------------------------------------------------------
Test Passed.
"testKey" end time: Apr 08 01:03 CST
"testKey" time elapsed: 00:00:00
----------------------------------------------------------

57/233 Testing: testOrdering
57/233 Test: testOrdering
Command: "/home/chappie/git/gtsam/build/gtsam/inference/tests/testOrdering"
Directory: /home/chappie/git/gtsam/build/gtsam/inference/tests
"testOrdering" start time: Apr 08 01:03 CST
Output:
----------------------------------------------------------
There were no test failures
<end of output>
Test time =   0.02 sec
----------------------------------------------------------
Test Passed.
"testOrdering" end time: Apr 08 01:03 CST
"testOrdering" time elapsed: 00:00:00
----------------------------------------------------------

58/233 Testing: testLabeledSymbol
58/233 Test: testLabeledSymbol
Command: "/home/chappie/git/gtsam/build/gtsam/inference/tests/testLabeledSymbol"
Directory: /home/chappie/git/gtsam/build/gtsam/inference/tests
"testLabeledSymbol" start time: Apr 08 01:03 CST
Output:
----------------------------------------------------------
There were no test failures
<end of output>
Test time =   0.00 sec
----------------------------------------------------------
Test Passed.
"testLabeledSymbol" end time: Apr 08 01:03 CST
"testLabeledSymbol" time elapsed: 00:00:00
----------------------------------------------------------

59/233 Testing: testVariableSlots
59/233 Test: testVariableSlots
Command: "/home/chappie/git/gtsam/build/gtsam/inference/tests/testVariableSlots"
Directory: /home/chappie/git/gtsam/build/gtsam/inference/tests
"testVariableSlots" start time: Apr 08 01:03 CST
Output:
----------------------------------------------------------
There were no test failures
<end of output>
Test time =   0.00 sec
----------------------------------------------------------
Test Passed.
"testVariableSlots" end time: Apr 08 01:03 CST
"testVariableSlots" time elapsed: 00:00:00
----------------------------------------------------------

60/233 Testing: testSerializationSymbolic
60/233 Test: testSerializationSymbolic
Command: "/home/chappie/git/gtsam/build/gtsam/symbolic/tests/testSerializationSymbolic"
Directory: /home/chappie/git/gtsam/build/gtsam/symbolic/tests
"testSerializationSymbolic" start time: Apr 08 01:03 CST
Output:
----------------------------------------------------------
There were no test failures
<end of output>
Test time =   0.07 sec
----------------------------------------------------------
Test Passed.
"testSerializationSymbolic" end time: Apr 08 01:03 CST
"testSerializationSymbolic" time elapsed: 00:00:00
----------------------------------------------------------

61/233 Testing: testSymbolicJunctionTree
61/233 Test: testSymbolicJunctionTree
Command: "/home/chappie/git/gtsam/build/gtsam/symbolic/tests/testSymbolicJunctionTree"
Directory: /home/chappie/git/gtsam/build/gtsam/symbolic/tests
"testSymbolicJunctionTree" start time: Apr 08 01:03 CST
Output:
----------------------------------------------------------
There were no test failures
<end of output>
Test time =   0.02 sec
----------------------------------------------------------
Test Passed.
"testSymbolicJunctionTree" end time: Apr 08 01:03 CST
"testSymbolicJunctionTree" time elapsed: 00:00:00
----------------------------------------------------------

62/233 Testing: testSymbolicBayesTree
62/233 Test: testSymbolicBayesTree
Command: "/home/chappie/git/gtsam/build/gtsam/symbolic/tests/testSymbolicBayesTree"
Directory: /home/chappie/git/gtsam/build/gtsam/symbolic/tests
"testSymbolicBayesTree" start time: Apr 08 01:03 CST
Output:
----------------------------------------------------------
There were no test failures
<end of output>
Test time =   0.04 sec
----------------------------------------------------------
Test Passed.
"testSymbolicBayesTree" end time: Apr 08 01:03 CST
"testSymbolicBayesTree" time elapsed: 00:00:00
----------------------------------------------------------

63/233 Testing: testSymbolicBayesNet
63/233 Test: testSymbolicBayesNet
Command: "/home/chappie/git/gtsam/build/gtsam/symbolic/tests/testSymbolicBayesNet"
Directory: /home/chappie/git/gtsam/build/gtsam/symbolic/tests
"testSymbolicBayesNet" start time: Apr 08 01:03 CST
Output:
----------------------------------------------------------
There were no test failures
<end of output>
Test time =   0.05 sec
----------------------------------------------------------
Test Passed.
"testSymbolicBayesNet" end time: Apr 08 01:03 CST
"testSymbolicBayesNet" time elapsed: 00:00:00
----------------------------------------------------------

64/233 Testing: testSymbolicEliminationTree
64/233 Test: testSymbolicEliminationTree
Command: "/home/chappie/git/gtsam/build/gtsam/symbolic/tests/testSymbolicEliminationTree"
Directory: /home/chappie/git/gtsam/build/gtsam/symbolic/tests
"testSymbolicEliminationTree" start time: Apr 08 01:03 CST
Output:
----------------------------------------------------------
There were no test failures
<end of output>
Test time =   0.01 sec
----------------------------------------------------------
Test Passed.
"testSymbolicEliminationTree" end time: Apr 08 01:03 CST
"testSymbolicEliminationTree" time elapsed: 00:00:00
----------------------------------------------------------

65/233 Testing: testVariableIndex
65/233 Test: testVariableIndex
Command: "/home/chappie/git/gtsam/build/gtsam/symbolic/tests/testVariableIndex"
Directory: /home/chappie/git/gtsam/build/gtsam/symbolic/tests
"testVariableIndex" start time: Apr 08 01:03 CST
Output:
----------------------------------------------------------
There were no test failures
<end of output>
Test time =   0.06 sec
----------------------------------------------------------
Test Passed.
"testVariableIndex" end time: Apr 08 01:03 CST
"testVariableIndex" time elapsed: 00:00:00
----------------------------------------------------------

66/233 Testing: testSymbolicFactorGraph
66/233 Test: testSymbolicFactorGraph
Command: "/home/chappie/git/gtsam/build/gtsam/symbolic/tests/testSymbolicFactorGraph"
Directory: /home/chappie/git/gtsam/build/gtsam/symbolic/tests
"testSymbolicFactorGraph" start time: Apr 08 01:03 CST
Output:
----------------------------------------------------------
There were no test failures
<end of output>
Test time =   0.02 sec
----------------------------------------------------------
Test Passed.
"testSymbolicFactorGraph" end time: Apr 08 01:03 CST
"testSymbolicFactorGraph" time elapsed: 00:00:00
----------------------------------------------------------

67/233 Testing: testSymbolicConditional
67/233 Test: testSymbolicConditional
Command: "/home/chappie/git/gtsam/build/gtsam/symbolic/tests/testSymbolicConditional"
Directory: /home/chappie/git/gtsam/build/gtsam/symbolic/tests
"testSymbolicConditional" start time: Apr 08 01:03 CST
Output:
----------------------------------------------------------
There were no test failures
<end of output>
Test time =   0.01 sec
----------------------------------------------------------
Test Passed.
"testSymbolicConditional" end time: Apr 08 01:03 CST
"testSymbolicConditional" time elapsed: 00:00:00
----------------------------------------------------------

68/233 Testing: testSymbolicISAM
68/233 Test: testSymbolicISAM
Command: "/home/chappie/git/gtsam/build/gtsam/symbolic/tests/testSymbolicISAM"
Directory: /home/chappie/git/gtsam/build/gtsam/symbolic/tests
"testSymbolicISAM" start time: Apr 08 01:03 CST
Output:
----------------------------------------------------------
There were no test failures
<end of output>
Test time =   0.00 sec
----------------------------------------------------------
Test Passed.
"testSymbolicISAM" end time: Apr 08 01:03 CST
"testSymbolicISAM" time elapsed: 00:00:00
----------------------------------------------------------

69/233 Testing: testSymbolicFactor
69/233 Test: testSymbolicFactor
Command: "/home/chappie/git/gtsam/build/gtsam/symbolic/tests/testSymbolicFactor"
Directory: /home/chappie/git/gtsam/build/gtsam/symbolic/tests
"testSymbolicFactor" start time: Apr 08 01:03 CST
Output:
----------------------------------------------------------
There were no test failures
<end of output>
Test time =   0.00 sec
----------------------------------------------------------
Test Passed.
"testSymbolicFactor" end time: Apr 08 01:03 CST
"testSymbolicFactor" time elapsed: 00:00:00
----------------------------------------------------------

70/233 Testing: testDecisionTreeFactor
70/233 Test: testDecisionTreeFactor
Command: "/home/chappie/git/gtsam/build/gtsam/discrete/tests/testDecisionTreeFactor"
Directory: /home/chappie/git/gtsam/build/gtsam/discrete/tests
"testDecisionTreeFactor" start time: Apr 08 01:03 CST
Output:
----------------------------------------------------------
There were no test failures
<end of output>
Test time =   0.02 sec
----------------------------------------------------------
Test Passed.
"testDecisionTreeFactor" end time: Apr 08 01:03 CST
"testDecisionTreeFactor" time elapsed: 00:00:00
----------------------------------------------------------

71/233 Testing: testDiscreteMarginals
71/233 Test: testDiscreteMarginals
Command: "/home/chappie/git/gtsam/build/gtsam/discrete/tests/testDiscreteMarginals"
Directory: /home/chappie/git/gtsam/build/gtsam/discrete/tests
"testDiscreteMarginals" start time: Apr 08 01:03 CST
Output:
----------------------------------------------------------
There were no test failures
<end of output>
Test time =   0.01 sec
----------------------------------------------------------
Test Passed.
"testDiscreteMarginals" end time: Apr 08 01:03 CST
"testDiscreteMarginals" time elapsed: 00:00:00
----------------------------------------------------------

72/233 Testing: testDiscreteFactor
72/233 Test: testDiscreteFactor
Command: "/home/chappie/git/gtsam/build/gtsam/discrete/tests/testDiscreteFactor"
Directory: /home/chappie/git/gtsam/build/gtsam/discrete/tests
"testDiscreteFactor" start time: Apr 08 01:03 CST
Output:
----------------------------------------------------------
There were no test failures
<end of output>
Test time =   0.02 sec
----------------------------------------------------------
Test Passed.
"testDiscreteFactor" end time: Apr 08 01:03 CST
"testDiscreteFactor" time elapsed: 00:00:00
----------------------------------------------------------

73/233 Testing: testDecisionTree
73/233 Test: testDecisionTree
Command: "/home/chappie/git/gtsam/build/gtsam/discrete/tests/testDecisionTree"
Directory: /home/chappie/git/gtsam/build/gtsam/discrete/tests
"testDecisionTree" start time: Apr 08 01:03 CST
Output:
----------------------------------------------------------
There were no test failures
<end of output>
Test time =   0.02 sec
----------------------------------------------------------
Test Passed.
"testDecisionTree" end time: Apr 08 01:03 CST
"testDecisionTree" time elapsed: 00:00:00
----------------------------------------------------------

74/233 Testing: testAlgebraicDecisionTree
74/233 Test: testAlgebraicDecisionTree
Command: "/home/chappie/git/gtsam/build/gtsam/discrete/tests/testAlgebraicDecisionTree"
Directory: /home/chappie/git/gtsam/build/gtsam/discrete/tests
"testAlgebraicDecisionTree" start time: Apr 08 01:03 CST
Output:
----------------------------------------------------------
There were no test failures
<end of output>
Test time =   0.04 sec
----------------------------------------------------------
Test Passed.
"testAlgebraicDecisionTree" end time: Apr 08 01:03 CST
"testAlgebraicDecisionTree" time elapsed: 00:00:00
----------------------------------------------------------

75/233 Testing: testDiscreteConditional
75/233 Test: testDiscreteConditional
Command: "/home/chappie/git/gtsam/build/gtsam/discrete/tests/testDiscreteConditional"
Directory: /home/chappie/git/gtsam/build/gtsam/discrete/tests
"testDiscreteConditional" start time: Apr 08 01:03 CST
Output:
----------------------------------------------------------
There were no test failures
<end of output>
Test time =   0.02 sec
----------------------------------------------------------
Test Passed.
"testDiscreteConditional" end time: Apr 08 01:03 CST
"testDiscreteConditional" time elapsed: 00:00:00
----------------------------------------------------------

76/233 Testing: testDiscreteBayesTree
76/233 Test: testDiscreteBayesTree
Command: "/home/chappie/git/gtsam/build/gtsam/discrete/tests/testDiscreteBayesTree"
Directory: /home/chappie/git/gtsam/build/gtsam/discrete/tests
"testDiscreteBayesTree" start time: Apr 08 01:03 CST
Output:
----------------------------------------------------------
There were no test failures
<end of output>
Test time =   0.01 sec
----------------------------------------------------------
Test Passed.
"testDiscreteBayesTree" end time: Apr 08 01:03 CST
"testDiscreteBayesTree" time elapsed: 00:00:00
----------------------------------------------------------

77/233 Testing: testDiscreteBayesNet
77/233 Test: testDiscreteBayesNet
Command: "/home/chappie/git/gtsam/build/gtsam/discrete/tests/testDiscreteBayesNet"
Directory: /home/chappie/git/gtsam/build/gtsam/discrete/tests
"testDiscreteBayesNet" start time: Apr 08 01:03 CST
Output:
----------------------------------------------------------
There were no test failures
<end of output>
Test time =   0.00 sec
----------------------------------------------------------
Test Passed.
"testDiscreteBayesNet" end time: Apr 08 01:03 CST
"testDiscreteBayesNet" time elapsed: 00:00:00
----------------------------------------------------------

78/233 Testing: testDiscreteFactorGraph
78/233 Test: testDiscreteFactorGraph
Command: "/home/chappie/git/gtsam/build/gtsam/discrete/tests/testDiscreteFactorGraph"
Directory: /home/chappie/git/gtsam/build/gtsam/discrete/tests
"testDiscreteFactorGraph" start time: Apr 08 01:03 CST
Output:
----------------------------------------------------------
There were no test failures
<end of output>
Test time =   0.02 sec
----------------------------------------------------------
Test Passed.
"testDiscreteFactorGraph" end time: Apr 08 01:03 CST
"testDiscreteFactorGraph" time elapsed: 00:00:00
----------------------------------------------------------

79/233 Testing: testSignature
79/233 Test: testSignature
Command: "/home/chappie/git/gtsam/build/gtsam/discrete/tests/testSignature"
Directory: /home/chappie/git/gtsam/build/gtsam/discrete/tests
"testSignature" start time: Apr 08 01:03 CST
Output:
----------------------------------------------------------
There were no test failures
<end of output>
Test time =   0.01 sec
----------------------------------------------------------
Test Passed.
"testSignature" end time: Apr 08 01:03 CST
"testSignature" time elapsed: 00:00:00
----------------------------------------------------------

80/233 Testing: testGaussianDensity
80/233 Test: testGaussianDensity
Command: "/home/chappie/git/gtsam/build/gtsam/linear/tests/testGaussianDensity"
Directory: /home/chappie/git/gtsam/build/gtsam/linear/tests
"testGaussianDensity" start time: Apr 08 01:03 CST
Output:
----------------------------------------------------------
There were no test failures
<end of output>
Test time =   0.03 sec
----------------------------------------------------------
Test Passed.
"testGaussianDensity" end time: Apr 08 01:03 CST
"testGaussianDensity" time elapsed: 00:00:00
----------------------------------------------------------

81/233 Testing: testGaussianConditional
81/233 Test: testGaussianConditional
Command: "/home/chappie/git/gtsam/build/gtsam/linear/tests/testGaussianConditional"
Directory: /home/chappie/git/gtsam/build/gtsam/linear/tests
"testGaussianConditional" start time: Apr 08 01:03 CST
Output:
----------------------------------------------------------
There were no test failures
<end of output>
Test time =   0.02 sec
----------------------------------------------------------
Test Passed.
"testGaussianConditional" end time: Apr 08 01:03 CST
"testGaussianConditional" time elapsed: 00:00:00
----------------------------------------------------------

82/233 Testing: testSerializationLinear
82/233 Test: testSerializationLinear
Command: "/home/chappie/git/gtsam/build/gtsam/linear/tests/testSerializationLinear"
Directory: /home/chappie/git/gtsam/build/gtsam/linear/tests
"testSerializationLinear" start time: Apr 08 01:03 CST
Output:
----------------------------------------------------------
There were no test failures
<end of output>
Test time =   0.12 sec
----------------------------------------------------------
Test Passed.
"testSerializationLinear" end time: Apr 08 01:03 CST
"testSerializationLinear" time elapsed: 00:00:00
----------------------------------------------------------

83/233 Testing: testNoiseModel
83/233 Test: testNoiseModel
Command: "/home/chappie/git/gtsam/build/gtsam/linear/tests/testNoiseModel"
Directory: /home/chappie/git/gtsam/build/gtsam/linear/tests
"testNoiseModel" start time: Apr 08 01:03 CST
Output:
----------------------------------------------------------
There were no test failures
<end of output>
Test time =   0.02 sec
----------------------------------------------------------
Test Passed.
"testNoiseModel" end time: Apr 08 01:03 CST
"testNoiseModel" time elapsed: 00:00:00
----------------------------------------------------------

84/233 Testing: testVectorValues
84/233 Test: testVectorValues
Command: "/home/chappie/git/gtsam/build/gtsam/linear/tests/testVectorValues"
Directory: /home/chappie/git/gtsam/build/gtsam/linear/tests
"testVectorValues" start time: Apr 08 01:03 CST
Output:
----------------------------------------------------------
There were no test failures
<end of output>
Test time =   0.02 sec
----------------------------------------------------------
Test Passed.
"testVectorValues" end time: Apr 08 01:03 CST
"testVectorValues" time elapsed: 00:00:00
----------------------------------------------------------

85/233 Testing: testKalmanFilter
85/233 Test: testKalmanFilter
Command: "/home/chappie/git/gtsam/build/gtsam/linear/tests/testKalmanFilter"
Directory: /home/chappie/git/gtsam/build/gtsam/linear/tests
"testKalmanFilter" start time: Apr 08 01:03 CST
Output:
----------------------------------------------------------
There were no test failures
<end of output>
Test time =   0.02 sec
----------------------------------------------------------
Test Passed.
"testKalmanFilter" end time: Apr 08 01:03 CST
"testKalmanFilter" time elapsed: 00:00:00
----------------------------------------------------------

86/233 Testing: testSampler
86/233 Test: testSampler
Command: "/home/chappie/git/gtsam/build/gtsam/linear/tests/testSampler"
Directory: /home/chappie/git/gtsam/build/gtsam/linear/tests
"testSampler" start time: Apr 08 01:03 CST
Output:
----------------------------------------------------------
There were no test failures
<end of output>
Test time =   0.02 sec
----------------------------------------------------------
Test Passed.
"testSampler" end time: Apr 08 01:03 CST
"testSampler" time elapsed: 00:00:00
----------------------------------------------------------

87/233 Testing: testErrors
87/233 Test: testErrors
Command: "/home/chappie/git/gtsam/build/gtsam/linear/tests/testErrors"
Directory: /home/chappie/git/gtsam/build/gtsam/linear/tests
"testErrors" start time: Apr 08 01:03 CST
Output:
----------------------------------------------------------
There were no test failures
<end of output>
Test time =   0.05 sec
----------------------------------------------------------
Test Passed.
"testErrors" end time: Apr 08 01:03 CST
"testErrors" time elapsed: 00:00:00
----------------------------------------------------------

88/233 Testing: testJacobianFactor
88/233 Test: testJacobianFactor
Command: "/home/chappie/git/gtsam/build/gtsam/linear/tests/testJacobianFactor"
Directory: /home/chappie/git/gtsam/build/gtsam/linear/tests
"testJacobianFactor" start time: Apr 08 01:03 CST
Output:
----------------------------------------------------------
There were no test failures
<end of output>
Test time =   0.03 sec
----------------------------------------------------------
Test Passed.
"testJacobianFactor" end time: Apr 08 01:03 CST
"testJacobianFactor" time elapsed: 00:00:00
----------------------------------------------------------

89/233 Testing: testGaussianBayesNet
89/233 Test: testGaussianBayesNet
Command: "/home/chappie/git/gtsam/build/gtsam/linear/tests/testGaussianBayesNet"
Directory: /home/chappie/git/gtsam/build/gtsam/linear/tests
"testGaussianBayesNet" start time: Apr 08 01:03 CST
Output:
----------------------------------------------------------
There were no test failures
<end of output>
Test time =   0.03 sec
----------------------------------------------------------
Test Passed.
"testGaussianBayesNet" end time: Apr 08 01:03 CST
"testGaussianBayesNet" time elapsed: 00:00:00
----------------------------------------------------------

90/233 Testing: testRegularHessianFactor
90/233 Test: testRegularHessianFactor
Command: "/home/chappie/git/gtsam/build/gtsam/linear/tests/testRegularHessianFactor"
Directory: /home/chappie/git/gtsam/build/gtsam/linear/tests
"testRegularHessianFactor" start time: Apr 08 01:03 CST
Output:
----------------------------------------------------------
There were no test failures
<end of output>
Test time =   0.01 sec
----------------------------------------------------------
Test Passed.
"testRegularHessianFactor" end time: Apr 08 01:03 CST
"testRegularHessianFactor" time elapsed: 00:00:00
----------------------------------------------------------

91/233 Testing: testRegularJacobianFactor
91/233 Test: testRegularJacobianFactor
Command: "/home/chappie/git/gtsam/build/gtsam/linear/tests/testRegularJacobianFactor"
Directory: /home/chappie/git/gtsam/build/gtsam/linear/tests
"testRegularJacobianFactor" start time: Apr 08 01:03 CST
Output:
----------------------------------------------------------
There were no test failures
<end of output>
Test time =   0.00 sec
----------------------------------------------------------
Test Passed.
"testRegularJacobianFactor" end time: Apr 08 01:03 CST
"testRegularJacobianFactor" time elapsed: 00:00:00
----------------------------------------------------------

92/233 Testing: testHessianFactor
92/233 Test: testHessianFactor
Command: "/home/chappie/git/gtsam/build/gtsam/linear/tests/testHessianFactor"
Directory: /home/chappie/git/gtsam/build/gtsam/linear/tests
"testHessianFactor" start time: Apr 08 01:03 CST
Output:
----------------------------------------------------------
There were no test failures
<end of output>
Test time =   0.01 sec
----------------------------------------------------------
Test Passed.
"testHessianFactor" end time: Apr 08 01:03 CST
"testHessianFactor" time elapsed: 00:00:00
----------------------------------------------------------

93/233 Testing: testGaussianBayesTree
93/233 Test: testGaussianBayesTree
Command: "/home/chappie/git/gtsam/build/gtsam/linear/tests/testGaussianBayesTree"
Directory: /home/chappie/git/gtsam/build/gtsam/linear/tests
"testGaussianBayesTree" start time: Apr 08 01:03 CST
Output:
----------------------------------------------------------
There were no test failures
<end of output>
Test time =   0.02 sec
----------------------------------------------------------
Test Passed.
"testGaussianBayesTree" end time: Apr 08 01:03 CST
"testGaussianBayesTree" time elapsed: 00:00:00
----------------------------------------------------------

94/233 Testing: testGaussianFactorGraph
94/233 Test: testGaussianFactorGraph
Command: "/home/chappie/git/gtsam/build/gtsam/linear/tests/testGaussianFactorGraph"
Directory: /home/chappie/git/gtsam/build/gtsam/linear/tests
"testGaussianFactorGraph" start time: Apr 08 01:03 CST
Output:
----------------------------------------------------------
There were no test failures
<end of output>
Test time =   0.01 sec
----------------------------------------------------------
Test Passed.
"testGaussianFactorGraph" end time: Apr 08 01:03 CST
"testGaussianFactorGraph" time elapsed: 00:00:00
----------------------------------------------------------

95/233 Testing: testScatter
95/233 Test: testScatter
Command: "/home/chappie/git/gtsam/build/gtsam/linear/tests/testScatter"
Directory: /home/chappie/git/gtsam/build/gtsam/linear/tests
"testScatter" start time: Apr 08 01:03 CST
Output:
----------------------------------------------------------
There were no test failures
<end of output>
Test time =   0.00 sec
----------------------------------------------------------
Test Passed.
"testScatter" end time: Apr 08 01:03 CST
"testScatter" time elapsed: 00:00:00
----------------------------------------------------------

96/233 Testing: testAdaptAutoDiff
96/233 Test: testAdaptAutoDiff
Command: "/home/chappie/git/gtsam/build/gtsam/nonlinear/tests/testAdaptAutoDiff"
Directory: /home/chappie/git/gtsam/build/gtsam/nonlinear/tests
"testAdaptAutoDiff" start time: Apr 08 01:03 CST
Output:
----------------------------------------------------------
There were no test failures
<end of output>
Test time =   0.02 sec
----------------------------------------------------------
Test Passed.
"testAdaptAutoDiff" end time: Apr 08 01:03 CST
"testAdaptAutoDiff" time elapsed: 00:00:00
----------------------------------------------------------

97/233 Testing: testExecutionTrace
97/233 Test: testExecutionTrace
Command: "/home/chappie/git/gtsam/build/gtsam/nonlinear/tests/testExecutionTrace"
Directory: /home/chappie/git/gtsam/build/gtsam/nonlinear/tests
"testExecutionTrace" start time: Apr 08 01:03 CST
Output:
----------------------------------------------------------
There were no test failures
<end of output>
Test time =   0.00 sec
----------------------------------------------------------
Test Passed.
"testExecutionTrace" end time: Apr 08 01:03 CST
"testExecutionTrace" time elapsed: 00:00:00
----------------------------------------------------------

98/233 Testing: testValues
98/233 Test: testValues
Command: "/home/chappie/git/gtsam/build/gtsam/nonlinear/tests/testValues"
Directory: /home/chappie/git/gtsam/build/gtsam/nonlinear/tests
"testValues" start time: Apr 08 01:03 CST
Output:
----------------------------------------------------------
There were no test failures
<end of output>
Test time =   0.04 sec
----------------------------------------------------------
Test Passed.
"testValues" end time: Apr 08 01:03 CST
"testValues" time elapsed: 00:00:00
----------------------------------------------------------

99/233 Testing: testWhiteNoiseFactor
99/233 Test: testWhiteNoiseFactor
Command: "/home/chappie/git/gtsam/build/gtsam/nonlinear/tests/testWhiteNoiseFactor"
Directory: /home/chappie/git/gtsam/build/gtsam/nonlinear/tests
"testWhiteNoiseFactor" start time: Apr 08 01:03 CST
Output:
----------------------------------------------------------
There were no test failures
<end of output>
Test time =   0.01 sec
----------------------------------------------------------
Test Passed.
"testWhiteNoiseFactor" end time: Apr 08 01:03 CST
"testWhiteNoiseFactor" time elapsed: 00:00:00
----------------------------------------------------------

100/233 Testing: testCallRecord
100/233 Test: testCallRecord
Command: "/home/chappie/git/gtsam/build/gtsam/nonlinear/tests/testCallRecord"
Directory: /home/chappie/git/gtsam/build/gtsam/nonlinear/tests
"testCallRecord" start time: Apr 08 01:03 CST
Output:
----------------------------------------------------------
There were no test failures
<end of output>
Test time =   0.01 sec
----------------------------------------------------------
Test Passed.
"testCallRecord" end time: Apr 08 01:03 CST
"testCallRecord" time elapsed: 00:00:00
----------------------------------------------------------

101/233 Testing: testSerializationNonlinear
101/233 Test: testSerializationNonlinear
Command: "/home/chappie/git/gtsam/build/gtsam/nonlinear/tests/testSerializationNonlinear"
Directory: /home/chappie/git/gtsam/build/gtsam/nonlinear/tests
"testSerializationNonlinear" start time: Apr 08 01:03 CST
Output:
----------------------------------------------------------
There were no test failures
<end of output>
Test time =   0.07 sec
----------------------------------------------------------
Test Passed.
"testSerializationNonlinear" end time: Apr 08 01:03 CST
"testSerializationNonlinear" time elapsed: 00:00:00
----------------------------------------------------------

102/233 Testing: testExpression
102/233 Test: testExpression
Command: "/home/chappie/git/gtsam/build/gtsam/nonlinear/tests/testExpression"
Directory: /home/chappie/git/gtsam/build/gtsam/nonlinear/tests
"testExpression" start time: Apr 08 01:03 CST
Output:
----------------------------------------------------------
There were no test failures
<end of output>
Test time =   0.03 sec
----------------------------------------------------------
Test Passed.
"testExpression" end time: Apr 08 01:03 CST
"testExpression" time elapsed: 00:00:00
----------------------------------------------------------

103/233 Testing: testLinearContainerFactor
103/233 Test: testLinearContainerFactor
Command: "/home/chappie/git/gtsam/build/gtsam/nonlinear/tests/testLinearContainerFactor"
Directory: /home/chappie/git/gtsam/build/gtsam/nonlinear/tests
"testLinearContainerFactor" start time: Apr 08 01:03 CST
Output:
----------------------------------------------------------
There were no test failures
<end of output>
Test time =   0.02 sec
----------------------------------------------------------
Test Passed.
"testLinearContainerFactor" end time: Apr 08 01:03 CST
"testLinearContainerFactor" time elapsed: 00:00:00
----------------------------------------------------------

104/233 Testing: testRangeFactor
104/233 Test: testRangeFactor
Command: "/home/chappie/git/gtsam/build/gtsam/sam/tests/testRangeFactor"
Directory: /home/chappie/git/gtsam/build/gtsam/sam/tests
"testRangeFactor" start time: Apr 08 01:03 CST
Output:
----------------------------------------------------------
There were no test failures
<end of output>
Test time =   0.07 sec
----------------------------------------------------------
Test Passed.
"testRangeFactor" end time: Apr 08 01:03 CST
"testRangeFactor" time elapsed: 00:00:00
----------------------------------------------------------

105/233 Testing: testBearingFactor
105/233 Test: testBearingFactor
Command: "/home/chappie/git/gtsam/build/gtsam/sam/tests/testBearingFactor"
Directory: /home/chappie/git/gtsam/build/gtsam/sam/tests
"testBearingFactor" start time: Apr 08 01:03 CST
Output:
----------------------------------------------------------
There were no test failures
<end of output>
Test time =   0.08 sec
----------------------------------------------------------
Test Passed.
"testBearingFactor" end time: Apr 08 01:03 CST
"testBearingFactor" time elapsed: 00:00:00
----------------------------------------------------------

106/233 Testing: testBearingRangeFactor
106/233 Test: testBearingRangeFactor
Command: "/home/chappie/git/gtsam/build/gtsam/sam/tests/testBearingRangeFactor"
Directory: /home/chappie/git/gtsam/build/gtsam/sam/tests
"testBearingRangeFactor" start time: Apr 08 01:03 CST
Output:
----------------------------------------------------------
There were no test failures
<end of output>
Test time =   0.03 sec
----------------------------------------------------------
Test Passed.
"testBearingRangeFactor" end time: Apr 08 01:03 CST
"testBearingRangeFactor" time elapsed: 00:00:00
----------------------------------------------------------

107/233 Testing: testOrientedPlane3Factor
107/233 Test: testOrientedPlane3Factor
Command: "/home/chappie/git/gtsam/build/gtsam/slam/tests/testOrientedPlane3Factor"
Directory: /home/chappie/git/gtsam/build/gtsam/slam/tests
"testOrientedPlane3Factor" start time: Apr 08 01:03 CST
Output:
----------------------------------------------------------
There were no test failures
<end of output>
Test time =   0.03 sec
----------------------------------------------------------
Test Passed.
"testOrientedPlane3Factor" end time: Apr 08 01:03 CST
"testOrientedPlane3Factor" time elapsed: 00:00:00
----------------------------------------------------------

108/233 Testing: testEssentialMatrixFactor
108/233 Test: testEssentialMatrixFactor
Command: "/home/chappie/git/gtsam/build/gtsam/slam/tests/testEssentialMatrixFactor"
Directory: /home/chappie/git/gtsam/build/gtsam/slam/tests
"testEssentialMatrixFactor" start time: Apr 08 01:03 CST
Output:
----------------------------------------------------------
There were no test failures
<end of output>
Test time =   0.04 sec
----------------------------------------------------------
Test Passed.
"testEssentialMatrixFactor" end time: Apr 08 01:03 CST
"testEssentialMatrixFactor" time elapsed: 00:00:00
----------------------------------------------------------

109/233 Testing: testSlamExpressions
109/233 Test: testSlamExpressions
Command: "/home/chappie/git/gtsam/build/gtsam/slam/tests/testSlamExpressions"
Directory: /home/chappie/git/gtsam/build/gtsam/slam/tests
"testSlamExpressions" start time: Apr 08 01:03 CST
Output:
----------------------------------------------------------
There were no test failures
<end of output>
Test time =   0.03 sec
----------------------------------------------------------
Test Passed.
"testSlamExpressions" end time: Apr 08 01:03 CST
"testSlamExpressions" time elapsed: 00:00:00
----------------------------------------------------------

110/233 Testing: testEssentialMatrixConstraint
110/233 Test: testEssentialMatrixConstraint
Command: "/home/chappie/git/gtsam/build/gtsam/slam/tests/testEssentialMatrixConstraint"
Directory: /home/chappie/git/gtsam/build/gtsam/slam/tests
"testEssentialMatrixConstraint" start time: Apr 08 01:03 CST
Output:
----------------------------------------------------------
There were no test failures
<end of output>
Test time =   0.01 sec
----------------------------------------------------------
Test Passed.
"testEssentialMatrixConstraint" end time: Apr 08 01:03 CST
"testEssentialMatrixConstraint" time elapsed: 00:00:00
----------------------------------------------------------

111/233 Testing: testProjectionFactor
111/233 Test: testProjectionFactor
Command: "/home/chappie/git/gtsam/build/gtsam/slam/tests/testProjectionFactor"
Directory: /home/chappie/git/gtsam/build/gtsam/slam/tests
"testProjectionFactor" start time: Apr 08 01:03 CST
Output:
----------------------------------------------------------
There were no test failures
<end of output>
Test time =   0.01 sec
----------------------------------------------------------
Test Passed.
"testProjectionFactor" end time: Apr 08 01:03 CST
"testProjectionFactor" time elapsed: 00:00:00
----------------------------------------------------------

112/233 Testing: testDataset
112/233 Test: testDataset
Command: "/home/chappie/git/gtsam/build/gtsam/slam/tests/testDataset"
Directory: /home/chappie/git/gtsam/build/gtsam/slam/tests
"testDataset" start time: Apr 08 01:03 CST
Output:
----------------------------------------------------------
There were no test failures
<end of output>
Test time =   0.19 sec
----------------------------------------------------------
Test Passed.
"testDataset" end time: Apr 08 01:03 CST
"testDataset" time elapsed: 00:00:00
----------------------------------------------------------

113/233 Testing: testStereoFactor
113/233 Test: testStereoFactor
Command: "/home/chappie/git/gtsam/build/gtsam/slam/tests/testStereoFactor"
Directory: /home/chappie/git/gtsam/build/gtsam/slam/tests
"testStereoFactor" start time: Apr 08 01:03 CST
Output:
----------------------------------------------------------
There were no test failures
<end of output>
Test time =   0.02 sec
----------------------------------------------------------
Test Passed.
"testStereoFactor" end time: Apr 08 01:03 CST
"testStereoFactor" time elapsed: 00:00:00
----------------------------------------------------------

114/233 Testing: testPoseRotationPrior
114/233 Test: testPoseRotationPrior
Command: "/home/chappie/git/gtsam/build/gtsam/slam/tests/testPoseRotationPrior"
Directory: /home/chappie/git/gtsam/build/gtsam/slam/tests
"testPoseRotationPrior" start time: Apr 08 01:03 CST
Output:
----------------------------------------------------------
There were no test failures
<end of output>
Test time =   0.01 sec
----------------------------------------------------------
Test Passed.
"testPoseRotationPrior" end time: Apr 08 01:03 CST
"testPoseRotationPrior" time elapsed: 00:00:00
----------------------------------------------------------

115/233 Testing: testRotateFactor
115/233 Test: testRotateFactor
Command: "/home/chappie/git/gtsam/build/gtsam/slam/tests/testRotateFactor"
Directory: /home/chappie/git/gtsam/build/gtsam/slam/tests
"testRotateFactor" start time: Apr 08 01:03 CST
Output:
----------------------------------------------------------
There were no test failures
<end of output>
Test time =   0.01 sec
----------------------------------------------------------
Test Passed.
"testRotateFactor" end time: Apr 08 01:03 CST
"testRotateFactor" time elapsed: 00:00:00
----------------------------------------------------------

116/233 Testing: testInitializePose3
116/233 Test: testInitializePose3
Command: "/home/chappie/git/gtsam/build/gtsam/slam/tests/testInitializePose3"
Directory: /home/chappie/git/gtsam/build/gtsam/slam/tests
"testInitializePose3" start time: Apr 08 01:03 CST
Output:
----------------------------------------------------------
 b 1 f0 0.821026 a 6.01053 rho 12.0211 stepsize 0.0415936 maxNodeDeg 4
nr of gradient iterations 1maxGrad 0.85189
 b 1 f0 0.821026 a 6.01053 rho 12.0211 stepsize 0.0415936 maxNodeDeg 4
nr of gradient iterations 10maxGrad 2.00427
There were no test failures
<end of output>
Test time =   0.03 sec
----------------------------------------------------------
Test Passed.
"testInitializePose3" end time: Apr 08 01:03 CST
"testInitializePose3" time elapsed: 00:00:00
----------------------------------------------------------

117/233 Testing: testSmartProjectionCameraFactor
117/233 Test: testSmartProjectionCameraFactor
Command: "/home/chappie/git/gtsam/build/gtsam/slam/tests/testSmartProjectionCameraFactor"
Directory: /home/chappie/git/gtsam/build/gtsam/slam/tests
"testSmartProjectionCameraFactor" start time: Apr 08 01:03 CST
Output:
----------------------------------------------------------
There were no test failures
<end of output>
Test time =   0.18 sec
----------------------------------------------------------
Test Passed.
"testSmartProjectionCameraFactor" end time: Apr 08 01:03 CST
"testSmartProjectionCameraFactor" time elapsed: 00:00:00
----------------------------------------------------------

118/233 Testing: testPoseTranslationPrior
118/233 Test: testPoseTranslationPrior
Command: "/home/chappie/git/gtsam/build/gtsam/slam/tests/testPoseTranslationPrior"
Directory: /home/chappie/git/gtsam/build/gtsam/slam/tests
"testPoseTranslationPrior" start time: Apr 08 01:03 CST
Output:
----------------------------------------------------------
There were no test failures
<end of output>
Test time =   0.01 sec
----------------------------------------------------------
Test Passed.
"testPoseTranslationPrior" end time: Apr 08 01:03 CST
"testPoseTranslationPrior" time elapsed: 00:00:00
----------------------------------------------------------

119/233 Testing: testGeneralSFMFactor
119/233 Test: testGeneralSFMFactor
Command: "/home/chappie/git/gtsam/build/gtsam/slam/tests/testGeneralSFMFactor"
Directory: /home/chappie/git/gtsam/build/gtsam/slam/tests
"testGeneralSFMFactor" start time: Apr 08 01:03 CST
Output:
----------------------------------------------------------
There were no test failures
<end of output>
Test time =   0.04 sec
----------------------------------------------------------
Test Passed.
"testGeneralSFMFactor" end time: Apr 08 01:03 CST
"testGeneralSFMFactor" time elapsed: 00:00:00
----------------------------------------------------------

120/233 Testing: testSmartProjectionPoseFactor
120/233 Test: testSmartProjectionPoseFactor
Command: "/home/chappie/git/gtsam/build/gtsam/slam/tests/testSmartProjectionPoseFactor"
Directory: /home/chappie/git/gtsam/build/gtsam/slam/tests
"testSmartProjectionPoseFactor" start time: Apr 08 01:03 CST
Output:
----------------------------------------------------------
There were no test failures
<end of output>
Test time =   0.11 sec
----------------------------------------------------------
Test Passed.
"testSmartProjectionPoseFactor" end time: Apr 08 01:03 CST
"testSmartProjectionPoseFactor" time elapsed: 00:00:00
----------------------------------------------------------

121/233 Testing: testPriorFactor
121/233 Test: testPriorFactor
Command: "/home/chappie/git/gtsam/build/gtsam/slam/tests/testPriorFactor"
Directory: /home/chappie/git/gtsam/build/gtsam/slam/tests
"testPriorFactor" start time: Apr 08 01:03 CST
Output:
----------------------------------------------------------
There were no test failures
<end of output>
Test time =   0.01 sec
----------------------------------------------------------
Test Passed.
"testPriorFactor" end time: Apr 08 01:03 CST
"testPriorFactor" time elapsed: 00:00:00
----------------------------------------------------------

122/233 Testing: testAntiFactor
122/233 Test: testAntiFactor
Command: "/home/chappie/git/gtsam/build/gtsam/slam/tests/testAntiFactor"
Directory: /home/chappie/git/gtsam/build/gtsam/slam/tests
"testAntiFactor" start time: Apr 08 01:03 CST
Output:
----------------------------------------------------------
There were no test failures
<end of output>
Test time =   0.02 sec
----------------------------------------------------------
Test Passed.
"testAntiFactor" end time: Apr 08 01:03 CST
"testAntiFactor" time elapsed: 00:00:00
----------------------------------------------------------

123/233 Testing: testReferenceFrameFactor
123/233 Test: testReferenceFrameFactor
Command: "/home/chappie/git/gtsam/build/gtsam/slam/tests/testReferenceFrameFactor"
Directory: /home/chappie/git/gtsam/build/gtsam/slam/tests
"testReferenceFrameFactor" start time: Apr 08 01:03 CST
Output:
----------------------------------------------------------
There were no test failures
<end of output>
Test time =   0.02 sec
----------------------------------------------------------
Test Passed.
"testReferenceFrameFactor" end time: Apr 08 01:03 CST
"testReferenceFrameFactor" time elapsed: 00:00:00
----------------------------------------------------------

124/233 Testing: testLago
124/233 Test: testLago
Command: "/home/chappie/git/gtsam/build/gtsam/slam/tests/testLago"
Directory: /home/chappie/git/gtsam/build/gtsam/slam/tests
"testLago" start time: Apr 08 01:03 CST
Output:
----------------------------------------------------------
There were no test failures
<end of output>
Test time =   0.01 sec
----------------------------------------------------------
Test Passed.
"testLago" end time: Apr 08 01:03 CST
"testLago" time elapsed: 00:00:00
----------------------------------------------------------

125/233 Testing: testGeneralSFMFactor_Cal3Bundler
125/233 Test: testGeneralSFMFactor_Cal3Bundler
Command: "/home/chappie/git/gtsam/build/gtsam/slam/tests/testGeneralSFMFactor_Cal3Bundler"
Directory: /home/chappie/git/gtsam/build/gtsam/slam/tests
"testGeneralSFMFactor_Cal3Bundler" start time: Apr 08 01:03 CST
Output:
----------------------------------------------------------
There were no test failures
<end of output>
Test time =   0.02 sec
----------------------------------------------------------
Test Passed.
"testGeneralSFMFactor_Cal3Bundler" end time: Apr 08 01:03 CST
"testGeneralSFMFactor_Cal3Bundler" time elapsed: 00:00:00
----------------------------------------------------------

126/233 Testing: testRegularImplicitSchurFactor
126/233 Test: testRegularImplicitSchurFactor
Command: "/home/chappie/git/gtsam/build/gtsam/slam/tests/testRegularImplicitSchurFactor"
Directory: /home/chappie/git/gtsam/build/gtsam/slam/tests
"testRegularImplicitSchurFactor" start time: Apr 08 01:03 CST
Output:
----------------------------------------------------------
There were no test failures
<end of output>
Test time =   0.03 sec
----------------------------------------------------------
Test Passed.
"testRegularImplicitSchurFactor" end time: Apr 08 01:03 CST
"testRegularImplicitSchurFactor" time elapsed: 00:00:00
----------------------------------------------------------

127/233 Testing: testBetweenFactor
127/233 Test: testBetweenFactor
Command: "/home/chappie/git/gtsam/build/gtsam/slam/tests/testBetweenFactor"
Directory: /home/chappie/git/gtsam/build/gtsam/slam/tests
"testBetweenFactor" start time: Apr 08 01:03 CST
Output:
----------------------------------------------------------
There were no test failures
<end of output>
Test time =   0.01 sec
----------------------------------------------------------
Test Passed.
"testBetweenFactor" end time: Apr 08 01:03 CST
"testBetweenFactor" time elapsed: 00:00:00
----------------------------------------------------------

128/233 Testing: testSmartFactorBase
128/233 Test: testSmartFactorBase
Command: "/home/chappie/git/gtsam/build/gtsam/slam/tests/testSmartFactorBase"
Directory: /home/chappie/git/gtsam/build/gtsam/slam/tests
"testSmartFactorBase" start time: Apr 08 01:03 CST
Output:
----------------------------------------------------------
There were no test failures
<end of output>
Test time =   0.05 sec
----------------------------------------------------------
Test Passed.
"testSmartFactorBase" end time: Apr 08 01:03 CST
"testSmartFactorBase" time elapsed: 00:00:00
----------------------------------------------------------

129/233 Testing: testTriangulationFactor
129/233 Test: testTriangulationFactor
Command: "/home/chappie/git/gtsam/build/gtsam/slam/tests/testTriangulationFactor"
Directory: /home/chappie/git/gtsam/build/gtsam/slam/tests
"testTriangulationFactor" start time: Apr 08 01:03 CST
Output:
----------------------------------------------------------
There were no test failures
<end of output>
Test time =   0.01 sec
----------------------------------------------------------
Test Passed.
"testTriangulationFactor" end time: Apr 08 01:03 CST
"testTriangulationFactor" time elapsed: 00:00:00
----------------------------------------------------------

130/233 Testing: testManifoldPreintegration
130/233 Test: testManifoldPreintegration
Command: "/home/chappie/git/gtsam/build/gtsam/navigation/tests/testManifoldPreintegration"
Directory: /home/chappie/git/gtsam/build/gtsam/navigation/tests
"testManifoldPreintegration" start time: Apr 08 01:03 CST
Output:
----------------------------------------------------------
There were no test failures
<end of output>
Test time =   0.02 sec
----------------------------------------------------------
Test Passed.
"testManifoldPreintegration" end time: Apr 08 01:03 CST
"testManifoldPreintegration" time elapsed: 00:00:00
----------------------------------------------------------

131/233 Testing: testCombinedImuFactor
131/233 Test: testCombinedImuFactor
Command: "/home/chappie/git/gtsam/build/gtsam/navigation/tests/testCombinedImuFactor"
Directory: /home/chappie/git/gtsam/build/gtsam/navigation/tests
"testCombinedImuFactor" start time: Apr 08 01:03 CST
Output:
----------------------------------------------------------
There were no test failures
<end of output>
Test time =   0.02 sec
----------------------------------------------------------
Test Passed.
[...]
"testRelativeElevationFactor" start time: Apr 08 01:03 CST
Output:
----------------------------------------------------------
There were no test failures
<end of output>
Test time =   0.04 sec
----------------------------------------------------------
Test Passed.
"testRelativeElevationFactor" end time: Apr 08 01:03 CST
"testRelativeElevationFactor" time elapsed: 00:00:00
----------------------------------------------------------

209/233 Testing: testMultiProjectionFactor
209/233 Test: testMultiProjectionFactor
Command: "/home/chappie/git/gtsam/build/gtsam_unstable/slam/tests/testMultiProjectionFactor"
Directory: /home/chappie/git/gtsam/build/gtsam_unstable/slam/tests
"testMultiProjectionFactor" start time: Apr 08 01:03 CST
Output:
----------------------------------------------------------
There were no test failures
<end of output>
Test time =   0.04 sec
----------------------------------------------------------
Test Passed.
"testMultiProjectionFactor" end time: Apr 08 01:03 CST
"testMultiProjectionFactor" time elapsed: 00:00:00
----------------------------------------------------------

210/233 Testing: testProjectionFactorPPPC
210/233 Test: testProjectionFactorPPPC
Command: "/home/chappie/git/gtsam/build/gtsam_unstable/slam/tests/testProjectionFactorPPPC"
Directory: /home/chappie/git/gtsam/build/gtsam_unstable/slam/tests
"testProjectionFactorPPPC" start time: Apr 08 01:03 CST
Output:
----------------------------------------------------------
There were no test failures
<end of output>
Test time =   0.01 sec
----------------------------------------------------------
Test Passed.
"testProjectionFactorPPPC" end time: Apr 08 01:03 CST
"testProjectionFactorPPPC" time elapsed: 00:00:00
----------------------------------------------------------

211/233 Testing: testTransformBtwRobotsUnaryFactor
211/233 Test: testTransformBtwRobotsUnaryFactor
Command: "/home/chappie/git/gtsam/build/gtsam_unstable/slam/tests/testTransformBtwRobotsUnaryFactor"
Directory: /home/chappie/git/gtsam/build/gtsam_unstable/slam/tests
"testTransformBtwRobotsUnaryFactor" start time: Apr 08 01:03 CST
Output:
----------------------------------------------------------
There were no test failures
<end of output>
Test time =   0.05 sec
----------------------------------------------------------
Test Passed.
"testTransformBtwRobotsUnaryFactor" end time: Apr 08 01:03 CST
"testTransformBtwRobotsUnaryFactor" time elapsed: 00:00:00
----------------------------------------------------------

212/233 Testing: testTOAFactor
212/233 Test: testTOAFactor
Command: "/home/chappie/git/gtsam/build/gtsam_unstable/slam/tests/testTOAFactor"
Directory: /home/chappie/git/gtsam/build/gtsam_unstable/slam/tests
"testTOAFactor" start time: Apr 08 01:03 CST
Output:
----------------------------------------------------------
There were no test failures
<end of output>
Test time =   0.05 sec
----------------------------------------------------------
Test Passed.
"testTOAFactor" end time: Apr 08 01:03 CST
"testTOAFactor" time elapsed: 00:00:00
----------------------------------------------------------

213/233 Testing: testGaussMarkov1stOrderFactor
213/233 Test: testGaussMarkov1stOrderFactor
Command: "/home/chappie/git/gtsam/build/gtsam_unstable/slam/tests/testGaussMarkov1stOrderFactor"
Directory: /home/chappie/git/gtsam/build/gtsam_unstable/slam/tests
"testGaussMarkov1stOrderFactor" start time: Apr 08 01:03 CST
Output:
----------------------------------------------------------
There were no test failures
<end of output>
Test time =   0.04 sec
----------------------------------------------------------
Test Passed.
"testGaussMarkov1stOrderFactor" end time: Apr 08 01:03 CST
"testGaussMarkov1stOrderFactor" time elapsed: 00:00:00
----------------------------------------------------------

214/233 Testing: testDummyFactor
214/233 Test: testDummyFactor
Command: "/home/chappie/git/gtsam/build/gtsam_unstable/slam/tests/testDummyFactor"
Directory: /home/chappie/git/gtsam/build/gtsam_unstable/slam/tests
"testDummyFactor" start time: Apr 08 01:03 CST
Output:
----------------------------------------------------------
There were no test failures
<end of output>
Test time =   0.01 sec
----------------------------------------------------------
Test Passed.
"testDummyFactor" end time: Apr 08 01:03 CST
"testDummyFactor" time elapsed: 00:00:00
----------------------------------------------------------

215/233 Testing: testAHRS
215/233 Test: testAHRS
Command: "/home/chappie/git/gtsam/build/gtsam_unstable/slam/tests/testAHRS"
Directory: /home/chappie/git/gtsam/build/gtsam_unstable/slam/tests
"testAHRS" start time: Apr 08 01:03 CST
Output:
----------------------------------------------------------
There were no test failures
<end of output>
Test time =   0.01 sec
----------------------------------------------------------
Test Passed.
"testAHRS" end time: Apr 08 01:03 CST
"testAHRS" time elapsed: 00:00:00
----------------------------------------------------------

216/233 Testing: testSmartStereoProjectionPoseFactor
216/233 Test: testSmartStereoProjectionPoseFactor
Command: "/home/chappie/git/gtsam/build/gtsam_unstable/slam/tests/testSmartStereoProjectionPoseFactor"
Directory: /home/chappie/git/gtsam/build/gtsam_unstable/slam/tests
"testSmartStereoProjectionPoseFactor" start time: Apr 08 01:03 CST
Output:
----------------------------------------------------------
There were no test failures
<end of output>
Test time =   0.05 sec
----------------------------------------------------------
Test Passed.
"testSmartStereoProjectionPoseFactor" end time: Apr 08 01:03 CST
"testSmartStereoProjectionPoseFactor" time elapsed: 00:00:00
----------------------------------------------------------

217/233 Testing: testPosePriorFactor
217/233 Test: testPosePriorFactor
Command: "/home/chappie/git/gtsam/build/gtsam_unstable/slam/tests/testPosePriorFactor"
Directory: /home/chappie/git/gtsam/build/gtsam_unstable/slam/tests
"testPosePriorFactor" start time: Apr 08 01:03 CST
Output:
----------------------------------------------------------
There were no test failures
<end of output>
Test time =   0.01 sec
----------------------------------------------------------
Test Passed.
"testPosePriorFactor" end time: Apr 08 01:03 CST
"testPosePriorFactor" time elapsed: 00:00:00
----------------------------------------------------------

218/233 Testing: testEquivInertialNavFactor_GlobalVel
218/233 Test: testEquivInertialNavFactor_GlobalVel
Command: "/home/chappie/git/gtsam/build/gtsam_unstable/slam/tests/testEquivInertialNavFactor_GlobalVel"
Directory: /home/chappie/git/gtsam/build/gtsam_unstable/slam/tests
"testEquivInertialNavFactor_GlobalVel" start time: Apr 08 01:03 CST
Output:
----------------------------------------------------------
There were no test failures
<end of output>
Test time =   0.01 sec
----------------------------------------------------------
Test Passed.
"testEquivInertialNavFactor_GlobalVel" end time: Apr 08 01:03 CST
"testEquivInertialNavFactor_GlobalVel" time elapsed: 00:00:00
----------------------------------------------------------

219/233 Testing: testInvDepthFactorVariant3
219/233 Test: testInvDepthFactorVariant3
Command: "/home/chappie/git/gtsam/build/gtsam_unstable/slam/tests/testInvDepthFactorVariant3"
Directory: /home/chappie/git/gtsam/build/gtsam_unstable/slam/tests
"testInvDepthFactorVariant3" start time: Apr 08 01:03 CST
Output:
----------------------------------------------------------
There were no test failures
<end of output>
Test time =   0.05 sec
----------------------------------------------------------
Test Passed.
"testInvDepthFactorVariant3" end time: Apr 08 01:03 CST
"testInvDepthFactorVariant3" time elapsed: 00:00:00
----------------------------------------------------------

220/233 Testing: testInertialNavFactor_GlobalVelocity
220/233 Test: testInertialNavFactor_GlobalVelocity
Command: "/home/chappie/git/gtsam/build/gtsam_unstable/slam/tests/testInertialNavFactor_GlobalVelocity"
Directory: /home/chappie/git/gtsam/build/gtsam_unstable/slam/tests
"testInertialNavFactor_GlobalVelocity" start time: Apr 08 01:03 CST
Output:
----------------------------------------------------------
There were no test failures
<end of output>
Test time =   0.06 sec
----------------------------------------------------------
Test Passed.
"testInertialNavFactor_GlobalVelocity" end time: Apr 08 01:03 CST
"testInertialNavFactor_GlobalVelocity" time elapsed: 00:00:00
----------------------------------------------------------

221/233 Testing: testProjectionFactorPPP
221/233 Test: testProjectionFactorPPP
Command: "/home/chappie/git/gtsam/build/gtsam_unstable/slam/tests/testProjectionFactorPPP"
Directory: /home/chappie/git/gtsam/build/gtsam_unstable/slam/tests
"testProjectionFactorPPP" start time: Apr 08 01:03 CST
Output:
----------------------------------------------------------
There were no test failures
<end of output>
Test time =   0.00 sec
----------------------------------------------------------
Test Passed.
"testProjectionFactorPPP" end time: Apr 08 01:03 CST
"testProjectionFactorPPP" time elapsed: 00:00:00
----------------------------------------------------------

222/233 Testing: testTransformBtwRobotsUnaryFactorEM
222/233 Test: testTransformBtwRobotsUnaryFactorEM
Command: "/home/chappie/git/gtsam/build/gtsam_unstable/slam/tests/testTransformBtwRobotsUnaryFactorEM"
Directory: /home/chappie/git/gtsam/build/gtsam_unstable/slam/tests
"testTransformBtwRobotsUnaryFactorEM" start time: Apr 08 01:03 CST
Output:
----------------------------------------------------------
There were no test failures
<end of output>
Test time =   0.01 sec
----------------------------------------------------------
Test Passed.
"testTransformBtwRobotsUnaryFactorEM" end time: Apr 08 01:03 CST
"testTransformBtwRobotsUnaryFactorEM" time elapsed: 00:00:00
----------------------------------------------------------

223/233 Testing: testBiasedGPSFactor
223/233 Test: testBiasedGPSFactor
Command: "/home/chappie/git/gtsam/build/gtsam_unstable/slam/tests/testBiasedGPSFactor"
Directory: /home/chappie/git/gtsam/build/gtsam_unstable/slam/tests
"testBiasedGPSFactor" start time: Apr 08 01:03 CST
Output:
----------------------------------------------------------
There were no test failures
<end of output>
Test time =   0.05 sec
----------------------------------------------------------
Test Passed.
"testBiasedGPSFactor" end time: Apr 08 01:03 CST
"testBiasedGPSFactor" time elapsed: 00:00:00
----------------------------------------------------------

224/233 Testing: testInvDepthFactorVariant1
224/233 Test: testInvDepthFactorVariant1
Command: "/home/chappie/git/gtsam/build/gtsam_unstable/slam/tests/testInvDepthFactorVariant1"
Directory: /home/chappie/git/gtsam/build/gtsam_unstable/slam/tests
"testInvDepthFactorVariant1" start time: Apr 08 01:03 CST
Output:
----------------------------------------------------------
There were no test failures
<end of output>
Test time =   0.01 sec
----------------------------------------------------------
Test Passed.
"testInvDepthFactorVariant1" end time: Apr 08 01:03 CST
"testInvDepthFactorVariant1" time elapsed: 00:00:00
----------------------------------------------------------

225/233 Testing: testTSAMFactors
225/233 Test: testTSAMFactors
Command: "/home/chappie/git/gtsam/build/gtsam_unstable/slam/tests/testTSAMFactors"
Directory: /home/chappie/git/gtsam/build/gtsam_unstable/slam/tests
"testTSAMFactors" start time: Apr 08 01:03 CST
Output:
----------------------------------------------------------
There were no test failures
<end of output>
Test time =   0.01 sec
----------------------------------------------------------
Test Passed.
"testTSAMFactors" end time: Apr 08 01:03 CST
"testTSAMFactors" time elapsed: 00:00:00
----------------------------------------------------------

226/233 Testing: testSmartRangeFactor
226/233 Test: testSmartRangeFactor
Command: "/home/chappie/git/gtsam/build/gtsam_unstable/slam/tests/testSmartRangeFactor"
Directory: /home/chappie/git/gtsam/build/gtsam_unstable/slam/tests
"testSmartRangeFactor" start time: Apr 08 01:03 CST
Output:
----------------------------------------------------------
There were no test failures
<end of output>
Test time =   0.01 sec
----------------------------------------------------------
Test Passed.
"testSmartRangeFactor" end time: Apr 08 01:03 CST
"testSmartRangeFactor" time elapsed: 00:00:00
----------------------------------------------------------

227/233 Testing: testInvDepthFactorVariant2
227/233 Test: testInvDepthFactorVariant2
Command: "/home/chappie/git/gtsam/build/gtsam_unstable/slam/tests/testInvDepthFactorVariant2"
Directory: /home/chappie/git/gtsam/build/gtsam_unstable/slam/tests
"testInvDepthFactorVariant2" start time: Apr 08 01:03 CST
Output:
----------------------------------------------------------
There were no test failures
<end of output>
Test time =   0.01 sec
----------------------------------------------------------
Test Passed.
"testInvDepthFactorVariant2" end time: Apr 08 01:03 CST
"testInvDepthFactorVariant2" time elapsed: 00:00:00
----------------------------------------------------------

228/233 Testing: testInvDepthFactor3
228/233 Test: testInvDepthFactor3
Command: "/home/chappie/git/gtsam/build/gtsam_unstable/slam/tests/testInvDepthFactor3"
Directory: /home/chappie/git/gtsam/build/gtsam_unstable/slam/tests
"testInvDepthFactor3" start time: Apr 08 01:03 CST
Output:
----------------------------------------------------------
There were no test failures
<end of output>
Test time =   0.02 sec
----------------------------------------------------------
Test Passed.
"testInvDepthFactor3" end time: Apr 08 01:03 CST
"testInvDepthFactor3" time elapsed: 00:00:00
----------------------------------------------------------

229/233 Testing: testOccupancyGrid
229/233 Test: testOccupancyGrid
Command: "/home/chappie/git/gtsam/build/gtsam_unstable/slam/tests/testOccupancyGrid"
Directory: /home/chappie/git/gtsam/build/gtsam_unstable/slam/tests
"testOccupancyGrid" start time: Apr 08 01:03 CST
Output:
----------------------------------------------------------
There were no test failures
<end of output>
Test time =   0.00 sec
----------------------------------------------------------
Test Passed.
"testOccupancyGrid" end time: Apr 08 01:03 CST
"testOccupancyGrid" time elapsed: 00:00:00
----------------------------------------------------------

230/233 Testing: testBetweenFactorEM
230/233 Test: testBetweenFactorEM
Command: "/home/chappie/git/gtsam/build/gtsam_unstable/slam/tests/testBetweenFactorEM"
Directory: /home/chappie/git/gtsam/build/gtsam_unstable/slam/tests
"testBetweenFactorEM" start time: Apr 08 01:03 CST
Output:
----------------------------------------------------------
There were no test failures
<end of output>
Test time =   0.01 sec
----------------------------------------------------------
Test Passed.
"testBetweenFactorEM" end time: Apr 08 01:03 CST
"testBetweenFactorEM" time elapsed: 00:00:00
----------------------------------------------------------

231/233 Testing: testPoseBetweenFactor
231/233 Test: testPoseBetweenFactor
Command: "/home/chappie/git/gtsam/build/gtsam_unstable/slam/tests/testPoseBetweenFactor"
Directory: /home/chappie/git/gtsam/build/gtsam_unstable/slam/tests
"testPoseBetweenFactor" start time: Apr 08 01:03 CST
Output:
----------------------------------------------------------
There were no test failures
<end of output>
Test time =   0.04 sec
----------------------------------------------------------
Test Passed.
"testPoseBetweenFactor" end time: Apr 08 01:03 CST
"testPoseBetweenFactor" time elapsed: 00:00:00
----------------------------------------------------------

232/233 Testing: testGenericGraph
232/233 Test: testGenericGraph
Command: "/home/chappie/git/gtsam/build/gtsam_unstable/partition/tests/testGenericGraph"
Directory: /home/chappie/git/gtsam/build/gtsam_unstable/partition/tests
"testGenericGraph" start time: Apr 08 01:03 CST
Output:
----------------------------------------------------------
There were no test failures
<end of output>
Test time =   0.05 sec
----------------------------------------------------------
Test Passed.
"testGenericGraph" end time: Apr 08 01:03 CST
"testGenericGraph" time elapsed: 00:00:00
----------------------------------------------------------

233/233 Testing: testFindSeparator
233/233 Test: testFindSeparator
Command: "/home/chappie/git/gtsam/build/gtsam_unstable/partition/tests/testFindSeparator"
Directory: /home/chappie/git/gtsam/build/gtsam_unstable/partition/tests
"testFindSeparator" start time: Apr 08 01:03 CST
Output:
----------------------------------------------------------
4 factors,	5 nodes;	
Number of nodes: 5
index1: 0
index2: 3
index1: 2
index2: 4
index1: 0
index2: 1
index1: 1
index2: 2
**********************************************************************
Graph Information ---------------------------------------------------
  #Vertices: 5, #Edges: 4

ND Partitioning... -------------------------------------------
  Sep size:        		 1
**********************************************************************
total key: 5 result(A,B,C) = 2, 2, 1; sepsize from Metis = 1
4 factors,	5 nodes;	
Number of nodes: 5
index1: 0
index2: 3
index1: 2
index2: 4
index1: 0
index2: 1
index1: 1
index2: 2
**********************************************************************
Graph Information ---------------------------------------------------
  #Vertices: 5, #Edges: 4

ND Partitioning... -------------------------------------------
  Sep size:        		 1
**********************************************************************
total key: 5 result(A,B,C) = 2, 2, 1; sepsize from Metis = 1
3 factors,	4 nodes;	
Number of nodes: 4
index1: 0
index2: 1
index1: 1
index2: 2
index1: 2
index2: 3
**********************************************************************
Graph Information ---------------------------------------------------
  #Vertices: 4, #Edges: 3

ND Partitioning... -------------------------------------------
Finished bisection:1
***Warning: mcore memory was not fully freed when destroyed.
 cur_callocs:      8  cur_hallocs:      0 cmop:      1

Timing Information --------------------------------------------------
  Edge cuts:    		 1
**********************************************************************
the size of two submaps in the reduced graph: 2 2
0A 1A weight 1
1A 2B weight 1 CUT 
2B 3B weight 1
edgeCut: 1
4 factors,	5 nodes;	
Number of nodes: 5
index1: 0
index2: 1
index1: 1
index2: 2
index1: 2
index2: 3
index1: 3
index2: 4
**********************************************************************
Graph Information ---------------------------------------------------
  #Vertices: 5, #Edges: 4

ND Partitioning... -------------------------------------------
Finished bisection:1
***Warning: mcore memory was not fully freed when destroyed.
 cur_callocs:      8  cur_hallocs:      0 cmop:      1

Timing Information --------------------------------------------------
  Edge cuts:    		 1
**********************************************************************
the size of two submaps in the reduced graph: 2 3
0A 1A weight 1
1A 2B weight 1 CUT 
2B 3B weight 20
3B 4B weight 1
edgeCut: 1
Number of nodes: 5
index1: 0
index2: 3
index1: 2
index2: 4
index1: 0
index2: 1
index1: 1
index2: 2
Number of nodes: 5
index1: 0
index2: 3
index1: 2
index2: 4
index1: 0
index2: 1
index1: 1
index2: 2
original graph: V28, E48 --> reduced graph: V4, E3
Number of nodes: 4
index1: 0
index2: 1
index1: 1
index2: 2
index1: 2
index2: 3
Finished bisection:1
***Warning: mcore memory was not fully freed when destroyed.
 cur_callocs:      8  cur_hallocs:      0 cmop:      1
the separator size: 8 landmarks
There were no test failures
<end of output>
Test time =   0.02 sec
----------------------------------------------------------
Test Passed.
"testFindSeparator" end time: Apr 08 01:03 CST
"testFindSeparator" time elapsed: 00:00:00
----------------------------------------------------------

End testing: Apr 08 01:03 CST
